TN:
SF:lib/chunk.js
FN:23,_chunk
FNF:1
FNH:1
FNDA:1,_chunk
DA:1,1
DA:2,1
DA:3,1
DA:4,1
DA:5,1
DA:6,1
DA:7,1
DA:8,1
DA:9,1
DA:10,1
DA:11,1
DA:12,1
DA:13,1
DA:14,1
DA:15,1
DA:16,1
DA:17,1
DA:18,1
DA:19,1
DA:20,1
DA:21,1
DA:22,1
DA:23,1
DA:24,1
DA:25,0
DA:26,0
DA:27,1
DA:28,1
DA:29,1
DA:30,1
DA:31,1
DA:32,1
DA:33,0
DA:34,0
DA:35,0
DA:36,0
DA:37,0
DA:38,0
DA:39,0
DA:40,0
DA:41,1
DA:42,1
DA:43,1
DA:44,1
DA:45,1
DA:46,1
DA:47,1
DA:48,1
DA:49,1
DA:50,1
DA:51,1
DA:52,1
DA:53,1
DA:54,1
DA:55,1
DA:56,1
DA:57,1
DA:58,1
DA:59,1
DA:60,1
DA:61,1
DA:62,1
DA:63,1
DA:64,1
DA:65,1
DA:66,1
DA:67,1
DA:68,1
DA:69,1
DA:70,1
DA:71,1
DA:72,1
DA:73,1
DA:74,1
DA:75,1
DA:76,1
DA:77,1
DA:78,1
DA:79,1
DA:80,1
DA:81,1
DA:82,1
DA:83,1
DA:84,1
DA:85,1
DA:86,1
DA:87,1
DA:88,1
DA:89,1
DA:90,1
DA:91,1
LF:91
LH:81
BRDA:23,0,0,1
BRDA:24,1,0,0
BRDA:35,2,0,4
BRDA:32,3,0,0
BRF:4
BRH:2
end_of_record
TN:
SF:util/index.js
FN:2,dataType
FN:7,isNumber
FN:9,isString
FN:11,isBoolean
FN:13,isArray
FN:15,isObject
FN:17,isFunction
FN:19,isRegExp
FN:21,isNull
FN:23,isNaN
FNF:10
FNH:3
FNDA:1,dataType
FNDA:0,isNumber
FNDA:0,isString
FNDA:0,isBoolean
FNDA:1,isArray
FNDA:0,isObject
FNDA:0,isFunction
FNDA:0,isRegExp
FNDA:0,isNull
FNDA:1,isNaN
DA:1,1
DA:2,1
DA:3,1
DA:4,1
DA:5,1
DA:6,1
DA:7,1
DA:8,1
DA:9,1
DA:10,1
DA:11,1
DA:12,1
DA:13,1
DA:14,1
DA:15,1
DA:16,1
DA:17,1
DA:18,1
DA:19,1
DA:20,1
DA:21,1
DA:22,1
DA:23,1
DA:24,1
DA:25,1
DA:26,1
DA:27,1
DA:28,1
DA:29,1
DA:30,1
DA:31,1
DA:32,1
DA:33,1
DA:34,1
DA:35,1
DA:36,1
LF:36
LH:36
BRDA:2,0,0,1
BRDA:13,1,0,1
BRDA:23,2,0,1
BRF:3
BRH:3
end_of_record
